<?xml version="1.0" encoding="UTF-8"?>
<testng-results skipped="0" failed="0" total="2" passed="2">
  <reporter-output>
  </reporter-output>
  <suite name="test.com.LoginPageTest" duration-ms="35" started-at="2019-03-02T20:36:31Z" finished-at="2019-03-02T20:36:31Z">
    <groups>
    </groups>
    <test name="Command line test" duration-ms="35" started-at="2019-03-02T20:36:31Z" finished-at="2019-03-02T20:36:31Z">
      <class name="test.com.LoginPageTest">
        <test-method status="PASS" signature="setUpClass()[pri:0, instance:test.com.LoginPageTest@28f67ac7]" name="setUpClass" is-config="true" duration-ms="17" started-at="2019-03-02T14:36:31Z" finished-at="2019-03-02T14:36:31Z">
          <reporter-output>
          </reporter-output>
        </test-method> <!-- setUpClass -->
        <test-method status="PASS" signature="setUpMethod()[pri:0, instance:test.com.LoginPageTest@28f67ac7]" name="setUpMethod" is-config="true" duration-ms="1" started-at="2019-03-02T14:36:31Z" finished-at="2019-03-02T14:36:31Z">
          <reporter-output>
          </reporter-output>
        </test-method> <!-- setUpMethod -->
        <test-method status="PASS" signature="testPassword()[pri:0, instance:test.com.LoginPageTest@28f67ac7]" name="testPassword" duration-ms="3" started-at="2019-03-02T14:36:31Z" finished-at="2019-03-02T14:36:31Z">
          <reporter-output>
          </reporter-output>
        </test-method> <!-- testPassword -->
        <test-method status="PASS" signature="tearDownMethod()[pri:0, instance:test.com.LoginPageTest@28f67ac7]" name="tearDownMethod" is-config="true" duration-ms="0" started-at="2019-03-02T14:36:31Z" finished-at="2019-03-02T14:36:31Z">
          <reporter-output>
          </reporter-output>
        </test-method> <!-- tearDownMethod -->
        <test-method status="PASS" signature="setUpMethod()[pri:0, instance:test.com.LoginPageTest@28f67ac7]" name="setUpMethod" is-config="true" duration-ms="0" started-at="2019-03-02T14:36:31Z" finished-at="2019-03-02T14:36:31Z">
          <reporter-output>
          </reporter-output>
        </test-method> <!-- setUpMethod -->
        <test-method status="PASS" signature="testUsername()[pri:0, instance:test.com.LoginPageTest@28f67ac7]" name="testUsername" duration-ms="1" started-at="2019-03-02T14:36:31Z" finished-at="2019-03-02T14:36:31Z">
          <reporter-output>
          </reporter-output>
        </test-method> <!-- testUsername -->
        <test-method status="PASS" signature="tearDownMethod()[pri:0, instance:test.com.LoginPageTest@28f67ac7]" name="tearDownMethod" is-config="true" duration-ms="0" started-at="2019-03-02T14:36:31Z" finished-at="2019-03-02T14:36:31Z">
          <reporter-output>
          </reporter-output>
        </test-method> <!-- tearDownMethod -->
        <test-method status="PASS" signature="tearDownClass()[pri:0, instance:test.com.LoginPageTest@28f67ac7]" name="tearDownClass" is-config="true" duration-ms="0" started-at="2019-03-02T14:36:31Z" finished-at="2019-03-02T14:36:31Z">
          <reporter-output>
          </reporter-output>
        </test-method> <!-- tearDownClass -->
      </class> <!-- test.com.LoginPageTest -->
    </test> <!-- Command line test -->
  </suite> <!-- test.com.LoginPageTest -->
</testng-results>
